<?xml version="1.0" encoding="ISO-8859-1" ?>
<!DOCTYPE html PUBLIC "-//W3C//DTD XHTML 1.0 Strict//EN"
"http://www.w3.org/TR/xhtml1/DTD/xhtml1-strict.dtd">
<html xmlns="http://www.w3.org/1999/xhtml" xml:lang="en" lang="en">
<head>
  <meta http-equiv="Content-Type" content="text/html;charset=utf-8" />
  <meta name="description" content="TestNG unit test results." />
  <link href="css/bootstrap.min.css" rel="stylesheet" />
  <link href="css/reportngClass.css" rel="stylesheet" />
  <script type="text/javascript" src="js/reportngClass.js"></script>
  <script type="text/javascript" src="js/jquery-1.4.4.min.js"></script> 
  <script type="text/javascript" src="js/jquery.tablesorter.min.js"></script>
  <script type="text/javascript" src="js/json-min.js"></script>
  <script type="text/javascript">
	$(document).ready(function(){
		$('.tablesorter').tablesorter({sortList: [[0,0]]});
	});
  </script>
</head>
<body onload="doParse(); return false;" onkeypress="collapseExpand();">
<div class="well well-large">
	<b>Test Info</>
	<table class="table">
	  <tr>
	    <th>Test Name : </th>
	    <th>
	    	<div class="tooltipCustom">
	    		<img src="images/copy.png" width="10" height="15" alt="Copy to Clipboard" onclick="copyToClipboard('#testNameId')"/>
	    		<span class="tooltiptextCustom">Copy Test name</span>
			</div>
	    </th>
	    <th id="testNameId">Test</th> 
	  </tr>
	  <tr>
	    <th>Test Class : </th>
	    <th>
	    	<div class="tooltipCustom">
	    		<img src="images/copy.png" width="10" height="15" alt="Copy to Clipboard" onclick="copyToClipboard('#testClassId')"/>
	    		<span class="tooltiptextCustom">Copy full path Class name</span>
			</div>
	    	<div class="tooltipCustom">
	    		<img src="images/copy.png" width="10" height="15" alt="Copy to Clipboard" onclick="copyToClipboard('#testClassNameId')"/>
	    		<span class="tooltiptextCustom">Copy Class name</span>
			</div>
	    </th> 
	    <th id="testClassId">testCase.test1<br>testCase.adminModule<br></th>
	    <th id="testClassNameId" hidden="true">test1<br>adminModule<br></th>
	  </tr>
	  <tr>
	    <th>Suite Name : </th>
	    <th>
	    	<div class="tooltipCustom">
	    		<img src="images/copy.png" width="10" height="15" alt="Copy to Clipboard" onclick="copyToClipboard('#suiteNameId')"/>
	    		<span class="tooltiptextCustom">Copy Suite name</span>
			</div>
		</th>
	    <th id="suiteNameId">Suite</th>
	  </tr>
	  <tr>
	    <th>Suite XML : </th>
	    <th>
	    	<div class="tooltipCustom">
	    		<img src="images/copy.png" width="10" height="15" alt="Copy to Clipboard" onclick="copyToClipboard('#suiteXMLId')"/>
	    		<span class="tooltiptextCustom">Copy Suite full path name</span>
			</div>
	    	<div class="tooltipCustom">
	    		<img src="images/copy.png" width="10" height="15" alt="Copy to Clipboard" onclick="copyToClipboard('#suiteXMLNameId')"/>
	    		<span class="tooltiptextCustom">Copy Suite file name</span>
			</div>
	    </th> 
	  	<th id="suiteXMLId">C:\Users\lkaushal\eclipse-workspace\testngProject1\testng.xml</th>
	  	<th id="suiteXMLNameId" hidden="true">testng.xml</th>
	  </tr>
	  	  <tr>
	    <th>Total Time : </th>
	    <th></th>
	    <th>00:00:58</th> 
	  </tr>
	  <tr>
	    <th>Total Steps : </th>
	   	<th></th>
	    <th>3</th> 
	  </tr>
	  <tr>
	    <th>Status : </th>
	    <th></th>
	    <th><font color="red">FAIL</font></th> 
	  </tr>
	</table>
</div>
<div class="well well-large">
	<div class="row">
		<div class="col-xs-12">
	        <div class="text-right">
	            <button id="hideResults" type="button" class="btn-danger" onclick="collapseExpand(this);" onkeypress="collapseExpand(this);" class="btn pull-right" title="Click or Press Any key to collapse/expand All Failed Tests and Configuration Methods">Show Only Failures</button>
	        </div>
	    </div>
	</div>
	<table class="tablesorter" border="1">
		<thead>
		<tr>
		<th class="headerTime">Time</th>
		<th class="headerTime" width="12%">Info</th>
		<th class="headerTime" width="88%">Test</th>
		</tr>
		</thead>
		<tbody>
		
				
				
												
											<tr>
	<td class="time">1722955778148</td>
	<td class="header failed" colspan="4" onClick="toggleElement('fc5d8bac-7a34-4a45-b71d-ee592885fdb1','block');changeSingleIcon('span-fc5d8bac-7a34-4a45-b71d-ee592885fdb1');" title="Click to expand/collapse" style="cursor: pointer;">
	<div style="float:left;"><i>Class&nbsp;:&nbsp;</i>testCase.adminModule</div>
	<div style="float:right;">@Test @ with DataProvider : [""] &nbsp;&nbsp;<span id='span-fc5d8bac-7a34-4a45-b71d-ee592885fdb1' class="glyphicon glyphicon-menu-down"></span></div>
	</td>
	</tr>
<tr>
	<td class="time">1722955778148</td>
	<td class="methodTest">
		<span class="description"><b>Method: </b>addAdmin</span><br>
			<span class="description"><b>Description: </b></span><br>
							<span class="duration"><b>Duration: </b>44.322s</span><br>
	</td>
	<td class="result">
						<div class="noCollapse" id="fc5d8bac-7a34-4a45-b71d-ee592885fdb1" style="display: block;">
						<a href="javascript:toggleElement('exception-fc5d8bac-7a34-4a45-b71d-ee592885fdb1','block')" title="Click to expand/collapse"><b>org.openqa.selenium.TimeoutException: Expected condition failed: waiting for presence of element located by: By.xpath: (//div[@class=&apos;data&apos; and text()=&apos;lakshya&apos;])[1] (tried for 30 second(s) with 500 milliseconds interval)</b></a><br/>
		<div class="stackTrace" id="exception-fc5d8bac-7a34-4a45-b71d-ee592885fdb1">
					org.openqa.selenium.support.ui.WebDriverWait.timeoutException(WebDriverWait.java:84)<br/>
					org.openqa.selenium.support.ui.FluentWait.until(FluentWait.java:228)<br/>
					commonKeywords.keywords.waitUntilElementIsVisible(keywords.java:42)<br/>
					testCase.adminModule.addAdmin(adminModule.java:44)<br/>
					java.base/jdk.internal.reflect.NativeMethodAccessorImpl.invoke0(Native Method)<br/>
					java.base/jdk.internal.reflect.NativeMethodAccessorImpl.invoke(NativeMethodAccessorImpl.java:77)<br/>
					java.base/jdk.internal.reflect.DelegatingMethodAccessorImpl.invoke(DelegatingMethodAccessorImpl.java:43)<br/>
					java.base/java.lang.reflect.Method.invoke(Method.java:568)<br/>
					org.testng.internal.MethodInvocationHelper.invokeMethod(MethodInvocationHelper.java:133)<br/>
					org.testng.internal.TestInvoker.invokeMethod(TestInvoker.java:598)<br/>
					org.testng.internal.TestInvoker.invokeTestMethod(TestInvoker.java:173)<br/>
					org.testng.internal.MethodRunner.runInSequence(MethodRunner.java:46)<br/>
					org.testng.internal.TestInvoker$MethodInvocationAgent.invoke(TestInvoker.java:824)<br/>
					org.testng.internal.TestInvoker.invokeTestMethods(TestInvoker.java:146)<br/>
					org.testng.internal.TestMethodWorker.invokeTestMethods(TestMethodWorker.java:146)<br/>
					org.testng.internal.TestMethodWorker.run(TestMethodWorker.java:128)<br/>
					java.base/java.util.ArrayList.forEach(ArrayList.java:1511)<br/>
					org.testng.TestRunner.privateRun(TestRunner.java:794)<br/>
					org.testng.TestRunner.run(TestRunner.java:596)<br/>
					org.testng.SuiteRunner.runTest(SuiteRunner.java:377)<br/>
					org.testng.SuiteRunner.runSequentially(SuiteRunner.java:371)<br/>
					org.testng.SuiteRunner.privateRun(SuiteRunner.java:332)<br/>
					org.testng.SuiteRunner.run(SuiteRunner.java:276)<br/>
					org.testng.SuiteRunnerWorker.runSuite(SuiteRunnerWorker.java:53)<br/>
					org.testng.SuiteRunnerWorker.run(SuiteRunnerWorker.java:96)<br/>
					org.testng.TestNG.runSuitesSequentially(TestNG.java:1212)<br/>
					org.testng.TestNG.runSuitesLocally(TestNG.java:1134)<br/>
					org.testng.TestNG.runSuites(TestNG.java:1063)<br/>
					org.testng.TestNG.run(TestNG.java:1031)<br/>
					org.testng.remote.AbstractRemoteTestNG.run(AbstractRemoteTestNG.java:115)<br/>
					org.testng.remote.RemoteTestNG.initAndRun(RemoteTestNG.java:293)<br/>
					org.testng.remote.RemoteTestNG.main(RemoteTestNG.java:91)<br/>
							<b>Caused by: </b> <a href="javascript:toggleElement('causedBy-fc5d8bac-7a34-4a45-b71d-ee592885fdb1','block')" title="Click to expand/collapse">org.openqa.selenium.NoSuchElementException: no such element: Unable to locate element: {&quot;method&quot;:&quot;xpath&quot;,&quot;selector&quot;:&quot;(//div[@class=&apos;data&apos; and text()=&apos;lakshya&apos;])[1]&quot;}<br/>
&nbsp; (Session info: chrome=127.0.6533.73)<br/>
For documentation on this error, please visit: https://www.selenium.dev/documentation/webdriver/troubleshooting/errors#no-such-element-exception<br/>
Build info: version: &apos;4.22.0&apos;, revision: &apos;c5f3146703*&apos;<br/>
System info: os.name: &apos;Windows 11&apos;, os.arch: &apos;amd64&apos;, os.version: &apos;10.0&apos;, java.version: &apos;17.0.7&apos;<br/>
Driver info: org.openqa.selenium.chrome.ChromeDriver<br/>
Command: [98b181c8f611fc0d60effb3bd0097471, findElement {using=xpath, value=(//div[@class=&apos;data&apos; and text()=&apos;lakshya&apos;])[1]}]<br/>
Capabilities {acceptInsecureCerts: false, browserName: chrome, browserVersion: 127.0.6533.73, chrome: {chromedriverVersion: 127.0.6533.88 (a2d0cb026721..., userDataDir: C:\Windows\SystemTemp\scope...}, fedcm:accounts: true, goog:chromeOptions: {debuggerAddress: localhost:63165}, networkConnectionEnabled: false, pageLoadStrategy: normal, platformName: windows, proxy: Proxy(), se:cdp: ws://localhost:63165/devtoo..., se:cdpVersion: 127.0.6533.73, setWindowRect: true, strictFileInteractability: false, timeouts: {implicit: 0, pageLoad: 300000, script: 30000}, unhandledPromptBehavior: dismiss and notify, webauthn:extension:credBlob: true, webauthn:extension:largeBlob: true, webauthn:extension:minPinLength: true, webauthn:extension:prf: true, webauthn:virtualAuthenticators: true}<br/>
Session ID: 98b181c8f611fc0d60effb3bd0097471</a><br/>
			<div class="stackTrace" id="causedBy-fc5d8bac-7a34-4a45-b71d-ee592885fdb1">
							jdk.internal.reflect.GeneratedConstructorAccessor13.newInstance(Unknown Source)<br/>
							java.base/jdk.internal.reflect.DelegatingConstructorAccessorImpl.newInstance(DelegatingConstructorAccessorImpl.java:45)<br/>
							java.base/java.lang.reflect.Constructor.newInstanceWithCaller(Constructor.java:499)<br/>
							java.base/java.lang.reflect.Constructor.newInstance(Constructor.java:480)<br/>
							org.openqa.selenium.remote.ErrorCodec.decode(ErrorCodec.java:167)<br/>
							org.openqa.selenium.remote.codec.w3c.W3CHttpResponseCodec.decode(W3CHttpResponseCodec.java:138)<br/>
							org.openqa.selenium.remote.codec.w3c.W3CHttpResponseCodec.decode(W3CHttpResponseCodec.java:50)<br/>
							org.openqa.selenium.remote.HttpCommandExecutor.execute(HttpCommandExecutor.java:190)<br/>
							org.openqa.selenium.remote.service.DriverCommandExecutor.invokeExecute(DriverCommandExecutor.java:216)<br/>
							org.openqa.selenium.remote.service.DriverCommandExecutor.execute(DriverCommandExecutor.java:174)<br/>
							org.openqa.selenium.remote.RemoteWebDriver.execute(RemoteWebDriver.java:518)<br/>
							org.openqa.selenium.remote.ElementLocation$ElementFinder$2.findElement(ElementLocation.java:165)<br/>
							org.openqa.selenium.remote.ElementLocation.findElement(ElementLocation.java:59)<br/>
							org.openqa.selenium.remote.RemoteWebDriver.findElement(RemoteWebDriver.java:355)<br/>
							org.openqa.selenium.remote.RemoteWebDriver.findElement(RemoteWebDriver.java:349)<br/>
							org.openqa.selenium.support.ui.ExpectedConditions$6.apply(ExpectedConditions.java:171)<br/>
							org.openqa.selenium.support.ui.ExpectedConditions$6.apply(ExpectedConditions.java:168)<br/>
							org.openqa.selenium.support.ui.FluentWait.until(FluentWait.java:203)<br/>
							commonKeywords.keywords.waitUntilElementIsVisible(keywords.java:42)<br/>
							testCase.adminModule.addAdmin(adminModule.java:44)<br/>
							java.base/jdk.internal.reflect.NativeMethodAccessorImpl.invoke0(Native Method)<br/>
							java.base/jdk.internal.reflect.NativeMethodAccessorImpl.invoke(NativeMethodAccessorImpl.java:77)<br/>
							java.base/jdk.internal.reflect.DelegatingMethodAccessorImpl.invoke(DelegatingMethodAccessorImpl.java:43)<br/>
							java.base/java.lang.reflect.Method.invoke(Method.java:568)<br/>
							org.testng.internal.MethodInvocationHelper.invokeMethod(MethodInvocationHelper.java:133)<br/>
							org.testng.internal.TestInvoker.invokeMethod(TestInvoker.java:598)<br/>
							org.testng.internal.TestInvoker.invokeTestMethod(TestInvoker.java:173)<br/>
							org.testng.internal.MethodRunner.runInSequence(MethodRunner.java:46)<br/>
							org.testng.internal.TestInvoker$MethodInvocationAgent.invoke(TestInvoker.java:824)<br/>
							org.testng.internal.TestInvoker.invokeTestMethods(TestInvoker.java:146)<br/>
							org.testng.internal.TestMethodWorker.invokeTestMethods(TestMethodWorker.java:146)<br/>
							org.testng.internal.TestMethodWorker.run(TestMethodWorker.java:128)<br/>
							java.base/java.util.ArrayList.forEach(ArrayList.java:1511)<br/>
							org.testng.TestRunner.privateRun(TestRunner.java:794)<br/>
							org.testng.TestRunner.run(TestRunner.java:596)<br/>
							org.testng.SuiteRunner.runTest(SuiteRunner.java:377)<br/>
							org.testng.SuiteRunner.runSequentially(SuiteRunner.java:371)<br/>
							org.testng.SuiteRunner.privateRun(SuiteRunner.java:332)<br/>
							org.testng.SuiteRunner.run(SuiteRunner.java:276)<br/>
							org.testng.SuiteRunnerWorker.runSuite(SuiteRunnerWorker.java:53)<br/>
							org.testng.SuiteRunnerWorker.run(SuiteRunnerWorker.java:96)<br/>
							org.testng.TestNG.runSuitesSequentially(TestNG.java:1212)<br/>
							org.testng.TestNG.runSuitesLocally(TestNG.java:1134)<br/>
							org.testng.TestNG.runSuites(TestNG.java:1063)<br/>
							org.testng.TestNG.run(TestNG.java:1031)<br/>
							org.testng.remote.AbstractRemoteTestNG.run(AbstractRemoteTestNG.java:115)<br/>
							org.testng.remote.RemoteTestNG.initAndRun(RemoteTestNG.java:293)<br/>
							org.testng.remote.RemoteTestNG.main(RemoteTestNG.java:91)<br/>
						</div>
				</div>
		</td>
	</div>
</tr>
						
				
												<tr>
			<td class="time">1722955773659</td>
			<td class="header passed" colspan="4" onClick="toggleElement('b97d36c7-ca30-4ba2-945e-71c710353db0','block');changeSingleIcon('span-b97d36c7-ca30-4ba2-945e-71c710353db0');" title="Click to expand/collapse" style="cursor: pointer;">
			<div style="float:left;"><i>Class&nbsp;:&nbsp;</i>testCase.test1</div>
			<div style="float:right;">@Test @ with DataProvider : [""] &nbsp;&nbsp;<span id='span-b97d36c7-ca30-4ba2-945e-71c710353db0' class="glyphicon glyphicon-menu-down"></span></div>
			</td>
			</tr>
			<tr>
	<td class="time">1722955773659</td>
	<td class="methodTest">
		<span class="description"><b>Method: </b>logIn</span><br>
			<span class="description"><b>Description: </b></span><br>
				<span class="description"><b>Priority: </b><font color='blue'>1</font></span><br>
						<span class="duration"><b>Duration: </b>4.421s</span><br>
	</td>
	<td class="result">
					<i>Method arguments: </i><span class="arguments">"Admin", "admin123"</span><br>
				<div class="stackTrace" id="b97d36c7-ca30-4ba2-945e-71c710353db0" style="display: block;">
					</td>
	</div>
</tr>
						<tr>
			<td class="time">1722955778086</td>
			<td class="header passed" colspan="4" onClick="toggleElement('afdb8af3-a81f-4ed6-94d2-9a2e50d6303a','block');changeSingleIcon('span-afdb8af3-a81f-4ed6-94d2-9a2e50d6303a');" title="Click to expand/collapse" style="cursor: pointer;">
			<div style="float:left;"><i>Class&nbsp;:&nbsp;</i>testCase.test1</div>
			<div style="float:right;">@Test @ with DataProvider : [""] &nbsp;&nbsp;<span id='span-afdb8af3-a81f-4ed6-94d2-9a2e50d6303a' class="glyphicon glyphicon-menu-down"></span></div>
			</td>
			</tr>
			<tr>
	<td class="time">1722955778086</td>
	<td class="methodTest">
		<span class="description"><b>Method: </b>menuItemsHamburger</span><br>
			<span class="description"><b>Description: </b></span><br>
				<span class="description"><b>Priority: </b><font color='blue'>2</font></span><br>
						<span class="duration"><b>Duration: </b>0.058s</span><br>
	</td>
	<td class="result">
						<div class="stackTrace" id="afdb8af3-a81f-4ed6-94d2-9a2e50d6303a" style="display: block;">
					</td>
	</div>
</tr>
					  
	</tbody>
	</table>
</div>
</body>
</html>
